Using pre-set license
Built from '2020.3/staging' branch; Version is '2020.3.25f1 (9b9180224418) revision 10195328'; Using compiler version '192528614'; Build Type 'Release'
OS: 'Windows 11  (10.0.22000) 64bit Core' Language: 'en' Physical Memory: 7564 MB
BatchMode: 1, IsHumanControllingUs: 0, StartBugReporterOnCrash: 0, Is64bit: 1, IsPro: 0

COMMAND LINE ARGUMENTS:
C:\Users\Joel's PC\Documents\Unity\2020.3.25f1\Editor\Unity.exe
-adb2
-batchMode
-noUpm
-name
AssetImportWorker1
-projectPath
D:/Unity/MobileDemoJTB+Git/MobileUIPreactice/MobileDemoJTB
-logFile
Logs/AssetImportWorker1.log
-srvPort
54435
Successfully changed project path to: D:/Unity/MobileDemoJTB+Git/MobileUIPreactice/MobileDemoJTB
D:/Unity/MobileDemoJTB+Git/MobileUIPreactice/MobileDemoJTB
Using Asset Import Pipeline V2.
Refreshing native plugins compatible for Editor in 101.11 ms, found 2 plugins.
Preloading 0 native plugins for Editor in 0.00 ms.
Initialize engine version: 2020.3.25f1 (9b9180224418)
[Subsystems] Discovering subsystems at path C:/Users/Joel's PC/Documents/Unity/2020.3.25f1/Editor/Data/Resources/UnitySubsystems
[Subsystems] Discovering subsystems at path D:/Unity/MobileDemoJTB+Git/MobileUIPreactice/MobileDemoJTB/Assets
GfxDevice: creating device client; threaded=0
Direct3D:
    Version:  Direct3D 11.0 [level 11.1]
    Renderer: AMD Radeon(TM) Graphics (ID=0x1636)
    Vendor:   
    VRAM:     3782 MB
    Driver:   27.20.21020.4003
Initialize mono
Mono path[0] = 'C:/Users/Joel's PC/Documents/Unity/2020.3.25f1/Editor/Data/Managed'
Mono path[1] = 'C:/Users/Joel's PC/Documents/Unity/2020.3.25f1/Editor/Data/MonoBleedingEdge/lib/mono/unityjit'
Mono config path = 'C:/Users/Joel's PC/Documents/Unity/2020.3.25f1/Editor/Data/MonoBleedingEdge/etc'
Using monoOptions --debugger-agent=transport=dt_socket,embedding=1,server=y,suspend=n,address=127.0.0.1:56920
Begin MonoManager ReloadAssembly
Registering precompiled unity dll's ...
Register platform support module: C:/Users/Joel's PC/Documents/Unity/2020.3.25f1/Editor/Data/PlaybackEngines/WindowsStandaloneSupport/UnityEditor.WindowsStandalone.Extensions.dll
Registered in 0.001947 seconds.
Native extension for WindowsStandalone target not found
Refreshing native plugins compatible for Editor in 61.52 ms, found 2 plugins.
Preloading 0 native plugins for Editor in 0.00 ms.
Mono: successfully reloaded assembly
- Completed reload, in  1.079 seconds
Domain Reload Profiling:
	ReloadAssembly (1079ms)
		BeginReloadAssembly (79ms)
			ExecutionOrderSort (0ms)
			DisableScriptedObjects (0ms)
			BackupInstance (0ms)
			ReleaseScriptingObjects (0ms)
			CreateAndSetChildDomain (1ms)
		EndReloadAssembly (858ms)
			LoadAssemblies (76ms)
			RebuildTransferFunctionScriptingTraits (0ms)
			SetupTypeCache (337ms)
			ReleaseScriptCaches (0ms)
			RebuildScriptCaches (53ms)
			SetupLoadedEditorAssemblies (275ms)
				LogAssemblyErrors (0ms)
				InitializePlatformSupportModulesInManaged (9ms)
				SetLoadedEditorAssemblies (0ms)
				RefreshPlugins (62ms)
				BeforeProcessingInitializeOnLoad (19ms)
				ProcessInitializeOnLoadAttributes (139ms)
				ProcessInitializeOnLoadMethodAttributes (46ms)
				AfterProcessingInitializeOnLoad (0ms)
				EditorAssembliesLoaded (0ms)
			ExecutionOrderSort2 (0ms)
			AwakeInstancesAfterBackupRestoration (0ms)
Platform modules already initialized, skipping
Registering precompiled user dll's ...
Registered in 0.005558 seconds.
Begin MonoManager ReloadAssembly
Native extension for WindowsStandalone target not found
Refreshing native plugins compatible for Editor in 0.89 ms, found 2 plugins.
Preloading 0 native plugins for Editor in 0.00 ms.
Mono: successfully reloaded assembly
- Completed reload, in  2.798 seconds
Domain Reload Profiling:
	ReloadAssembly (2799ms)
		BeginReloadAssembly (248ms)
			ExecutionOrderSort (0ms)
			DisableScriptedObjects (11ms)
			BackupInstance (0ms)
			ReleaseScriptingObjects (0ms)
			CreateAndSetChildDomain (27ms)
		EndReloadAssembly (2414ms)
			LoadAssemblies (762ms)
			RebuildTransferFunctionScriptingTraits (0ms)
			SetupTypeCache (633ms)
			ReleaseScriptCaches (1ms)
			RebuildScriptCaches (111ms)
			SetupLoadedEditorAssemblies (635ms)
				LogAssemblyErrors (0ms)
				InitializePlatformSupportModulesInManaged (13ms)
				SetLoadedEditorAssemblies (1ms)
				RefreshPlugins (1ms)
				BeforeProcessingInitializeOnLoad (143ms)
				ProcessInitializeOnLoadAttributes (391ms)
				ProcessInitializeOnLoadMethodAttributes (73ms)
				AfterProcessingInitializeOnLoad (13ms)
				EditorAssembliesLoaded (1ms)
			ExecutionOrderSort2 (0ms)
			AwakeInstancesAfterBackupRestoration (18ms)
Platform modules already initialized, skipping
========================================================================
Worker process is ready to serve import requests
Launched and connected shader compiler UnityShaderCompiler.exe after 0.09 seconds
Refreshing native plugins compatible for Editor in 0.76 ms, found 2 plugins.
Preloading 0 native plugins for Editor in 0.00 ms.
Unloading 1554 Unused Serialized files (Serialized files now loaded: 0)
System memory in use before: 71.8 MB.
System memory in use after: 71.9 MB.

Unloading 19 unused Assets to reduce memory usage. Loaded Objects now: 1986.
Total: 4.777900 ms (FindLiveObjects: 0.230300 ms CreateObjectMapping: 0.058600 ms MarkObjects: 4.333800 ms  DeleteObjects: 0.151900 ms)

AssetImportParameters requested are different than current active one (requested -> active):
  custom:framework-win-MediaFoundation: 216162199b28c13a410421893ffa2e32 -> 
  custom:video-decoder-ogg-theora: a1e56fd34408186e4bbccfd4996cb3dc -> 
  custom:container-muxer-webm: aa71ff27fc2769a1b78a27578f13a17b -> 
  custom:container-demuxer-webm: 4f35f7cbe854078d1ac9338744f61a02 -> 
  custom:container-demuxer-ogg: 62fdf1f143b41e24485cea50d1cbac27 -> 
  custom:video-encoder-webm-vp8: eb34c28f22e8b96e1ab97ce403110664 -> 
  custom:video-codec-MediaFoundation-h265: 746d11721c4dcdbdad8f713fa42b33f4 -> 
  custom:video-decoder-webm-vp8: 9c59270c3fd7afecdb556c50c9e8de78 -> 
  custom:audio-decoder-ogg-vorbis: bf7c407c2cedff20999df2af8eb42d56 -> 
  custom:audio-encoder-webm-vorbis: bf7c407c2cedff20999df2af8eb42d56 -> 
========================================================================
Received Import Request.
  path: Assets/Scritps/GameManager.cs
  artifactKey: Guid(df1bbea63e35d60429bbfbed62945b37) Importer(815301076,1909f56bfc062723c751e8b465ee728b)
Start importing Assets/Scritps/GameManager.cs using Guid(df1bbea63e35d60429bbfbed62945b37) Importer(815301076,1909f56bfc062723c751e8b465ee728b)  -> (artifact id: '31788efb7e297a9abf0943736f07756a') in 0.172074 seconds 
  Import took 0.176038 seconds .

========================================================================
Received Import Request.
  Time since last request: 744.235172 seconds.
  path: Assets/Scritps/GameManager.cs
  artifactKey: Guid(df1bbea63e35d60429bbfbed62945b37) Importer(815301076,1909f56bfc062723c751e8b465ee728b)
Start importing Assets/Scritps/GameManager.cs using Guid(df1bbea63e35d60429bbfbed62945b37) Importer(815301076,1909f56bfc062723c751e8b465ee728b)  -> (artifact id: '8b12ac1f83c73f3303f707d89a74b68e') in 0.009131 seconds 
  Import took 0.016641 seconds .

========================================================================
Received Import Request.
  Time since last request: 269.382119 seconds.
  path: Assets/Scritps/GameManager.cs
  artifactKey: Guid(df1bbea63e35d60429bbfbed62945b37) Importer(815301076,1909f56bfc062723c751e8b465ee728b)
Start importing Assets/Scritps/GameManager.cs using Guid(df1bbea63e35d60429bbfbed62945b37) Importer(815301076,1909f56bfc062723c751e8b465ee728b)  -> (artifact id: 'e10558fcb1d6ceff32e80c543d477f56') in 0.015500 seconds 
  Import took 0.019780 seconds .

========================================================================
Received Import Request.
  Time since last request: 352.275000 seconds.
  path: Assets/Scritps/GameManager.cs
  artifactKey: Guid(df1bbea63e35d60429bbfbed62945b37) Importer(815301076,1909f56bfc062723c751e8b465ee728b)
Start importing Assets/Scritps/GameManager.cs using Guid(df1bbea63e35d60429bbfbed62945b37) Importer(815301076,1909f56bfc062723c751e8b465ee728b)  -> (artifact id: '6695c33755ec4c2d65df3d36f48c757b') in 0.018480 seconds 
  Import took 0.023064 seconds .

========================================================================
Received Import Request.
  Time since last request: 409.894399 seconds.
  path: Assets/Scritps/GameManager.cs
  artifactKey: Guid(df1bbea63e35d60429bbfbed62945b37) Importer(815301076,1909f56bfc062723c751e8b465ee728b)
Start importing Assets/Scritps/GameManager.cs using Guid(df1bbea63e35d60429bbfbed62945b37) Importer(815301076,1909f56bfc062723c751e8b465ee728b)  -> (artifact id: '250df62050c031914e5939cabdd44481') in 0.034765 seconds 
  Import took 0.039191 seconds .

AssetImportWorkerClient::OnTransportError - code=2 error=End of file
